f:\projects\programmation\c++\bakerymanager\backerymanagerfiles\backerymanagerfiles\x64\debug\vc143.pdb
f:\projects\programmation\c++\bakerymanager\backerymanagerfiles\backerymanagerfiles\x64\debug\vc143.idb
f:\projects\programmation\c++\bakerymanager\backerymanagerfiles\backerymanagerfiles\x64\debug\player.obj
f:\projects\programmation\c++\bakerymanager\backerymanagerfiles\backerymanagerfiles\x64\debug\mainmanager.obj
f:\projects\programmation\c++\bakerymanager\backerymanagerfiles\backerymanagerfiles\x64\debug\main.obj
f:\projects\programmation\c++\bakerymanager\backerymanagerfiles\backerymanagerfiles\x64\debug\datareader.obj
f:\projects\programmation\c++\bakerymanager\backerymanagerfiles\backerymanagerfiles\x64\debug\consolemanager.obj
f:\projects\programmation\c++\bakerymanager\backerymanagerfiles\backerymanagerfiles\x64\debug\tinyxml.static\tinyxmlparser.obj
f:\projects\programmation\c++\bakerymanager\backerymanagerfiles\backerymanagerfiles\x64\debug\tinyxml.static\tinyxmlerror.obj
f:\projects\programmation\c++\bakerymanager\backerymanagerfiles\backerymanagerfiles\x64\debug\tinyxml.static\tinyxml.obj
f:\projects\programmation\c++\bakerymanager\backerymanagerfiles\backerymanagerfiles\x64\debug\tinyxml.static\tinystr.obj
f:\projects\programmation\c++\bakerymanager\backerymanagerfiles\x64\debug\backerymanagerfiles.exe
f:\projects\programmation\c++\bakerymanager\backerymanagerfiles\backerymanagerfiles\x64\debug\backerymanagerfiles.ilk
f:\projects\programmation\c++\bakerymanager\backerymanagerfiles\x64\debug\backerymanagerfiles.pdb
f:\projects\programmation\c++\bakerymanager\backerymanagerfiles\backerymanagerfiles\x64\debug\backerym.73299ca2.tlog\cl.read.1.tlog
f:\projects\programmation\c++\bakerymanager\backerymanagerfiles\backerymanagerfiles\x64\debug\backerym.73299ca2.tlog\cl.write.1.tlog
f:\projects\programmation\c++\bakerymanager\backerymanagerfiles\backerymanagerfiles\x64\debug\backerym.73299ca2.tlog\cl.command.1.tlog
f:\projects\programmation\c++\bakerymanager\backerymanagerfiles\backerymanagerfiles\x64\debug\backerym.73299ca2.tlog\link.command.1.tlog
f:\projects\programmation\c++\bakerymanager\backerymanagerfiles\backerymanagerfiles\x64\debug\backerym.73299ca2.tlog\cl.items.tlog
f:\projects\programmation\c++\bakerymanager\backerymanagerfiles\backerymanagerfiles\x64\debug\backerym.73299ca2.tlog\link.read.1.tlog
f:\projects\programmation\c++\bakerymanager\backerymanagerfiles\backerymanagerfiles\x64\debug\backerym.73299ca2.tlog\link.write.1.tlog
